ref 0 order 1 energy   5.11249312772739990000 time 0.010000
ref 0 order 2 energy   4.84031100759306550000 time 0.020000
ref 0 order 4 energy   4.83597823449663980000 time 0.140000
ref 0 order 6 energy   4.83597590313749310000 time 0.441000
ref 0 order 8 energy   4.83597586208895440000 time 2.173000
ref 1 order 1 energy   4.90454655012423850000 time 0.000000
ref 1 order 2 energy   4.83604500780680450000 time 0.030000
ref 1 order 4 energy   4.83597586437631750000 time 0.260000
ref 1 order 6 energy   4.83597586205201680000 time 1.672000
ref 1 order 8 energy   4.83597586204941180000 time 8.522000
ref 2 order 1 energy   4.85356332500797190000 time 0.010000
ref 2 order 2 energy   4.83597691374120230000 time 0.131000
ref 2 order 4 energy   4.83597586205175570000 time 1.091000
ref 2 order 6 energy   4.83597586204940910000 time 6.840000
ref 2 order 8 energy   4.83597586204941090000 time 34.129000
ref 3 order 1 energy   4.84043530291126700000 time 0.081000
ref 3 order 2 energy   4.83597587824912980000 time 0.611000
ref 3 order 4 energy   4.83597586204941090000 time 4.847000
ref 3 order 6 energy   4.83597586204940910000 time 28.721000
ref 3 order 8 energy   4.83597586204941180000 time 140.352000
ref 4 order 1 energy   4.83709674048851480000 time 0.461000
ref 4 order 2 energy   4.83597586230171750000 time 3.164000
ref 4 order 4 energy   4.83597586204940730000 time 23.804000
ref 4 order 6 energy   4.83597586204940910000 time 128.044000
ref 5 order 1 energy   4.83625658416007380000 time 3.115000
ref 5 order 2 energy   4.83597586205335080000 time 18.597000
