ref 0 order 1 energy   5.11249312772739954600 time 0.060000
ref 0 order 2 energy   4.84031927600416925800 time 0.060000
ref 0 order 4 energy   4.83597824433940418500 time 0.230000
ref 0 order 6 energy   4.83597590324934715800 time 0.801000
ref 0 order 8 energy   4.83597586208896501200 time 3.916000
ref 1 order 1 energy   4.90454585568583817600 time 0.000000
ref 1 order 2 energy   4.83604500773355413600 time 0.061000
ref 1 order 4 energy   4.83597586437626609400 time 0.460000
ref 1 order 6 energy   4.83597586205201732300 time 3.074000
ref 1 order 8 energy   4.83597586204940986000 time 16.043000
ref 2 order 1 energy   4.85356312637686493700 time 0.030000
ref 2 order 2 energy   4.83597691373718620000 time 0.230000
ref 2 order 4 energy   4.83597586205175725800 time 1.923000
ref 2 order 6 energy   4.83597586204940908300 time 12.608000
ref 2 order 8 energy   4.83597586204940892300 time 63.401000
ref 3 order 1 energy   4.84043524943751180200 time 0.150000
ref 3 order 2 energy   4.83597587824907200800 time 1.032000
ref 3 order 4 energy   4.83597586204941115300 time 8.503000
ref 3 order 6 energy   4.83597586204940892200 time 52.896000
ref 4 order 1 energy   4.83709672673508042000 time 0.651000
ref 4 order 2 energy   4.83597586230171577800 time 5.298000
ref 4 order 4 energy   4.83597586204940892400 time 42.581000
ref 4 order 6 energy   4.83597586204940892200 time 234.157000
ref 5 order 1 energy   4.83625658068902416200 time 4.977000
ref 5 order 2 energy   4.83597586205335090600 time 31.535000
