ref 0 order 1 energy   4.32660889599191020000 time 0.030000
ref 0 order 2 energy   4.23881801902856650000 time 0.040000
ref 0 order 4 energy   4.23870947662650190000 time 0.010000
ref 0 order 6 energy   4.23870874920941000000 time 0.080000
ref 0 order 8 energy   4.23870872295677970000 time 0.230000
ref 1 order 1 energy   4.26000948187877610000 time 0.000000
ref 1 order 2 energy   4.23872856719829280000 time 0.010000
ref 1 order 4 energy   4.23870875998906630000 time 0.020000
ref 1 order 6 energy   4.23870872176043180000 time 0.161000
ref 1 order 8 energy   4.23870872052103560000 time 0.811000
ref 2 order 1 energy   4.24400521969739940000 time 0.000000
ref 2 order 2 energy   4.23871053691417820000 time 0.010000
ref 2 order 4 energy   4.23870872237462490000 time 0.100000
ref 2 order 6 energy   4.23870872046449860000 time 0.670000
ref 2 order 8 energy   4.23870872040434050000 time 3.445000
ref 3 order 1 energy   4.24003157077115760000 time 0.010000
ref 3 order 2 energy   4.23870886056452710000 time 0.050000
ref 3 order 4 energy   4.23870872049485300000 time 0.440000
ref 3 order 6 energy   4.23870872040158720000 time 2.924000
ref 3 order 8 energy   4.23870872039863760000 time 14.331000
ref 4 order 1 energy   4.23903937652450050000 time 0.030000
ref 4 order 2 energy   4.23870873039147520000 time 0.241000
ref 4 order 4 energy   4.23870872040306780000 time 2.023000
ref 4 order 6 energy   4.23870872039849990000 time 12.268000
ref 4 order 8 energy   4.23870872039835690000 time 59.025000
ref 5 order 1 energy   4.23879138196156720000 time 0.120000
ref 5 order 2 energy   4.23870872108136430000 time 1.162000
ref 5 order 4 energy   4.23870872039856920000 time 9.063000
ref 5 order 6 energy   4.23870872039834800000 time 52.015000
ref 6 order 1 energy   4.23872938568492060000 time 0.621000
ref 6 order 2 energy   4.23870872044384940000 time 5.878000
ref 6 order 4 energy   4.23870872039834620000 time 43.242000
