ref 0 order 1 energy   4.32660889599191013100 time 0.070000
ref 0 order 2 energy   4.23881801902882204600 time 0.040000
ref 0 order 4 energy   4.23870947662650100600 time 0.030000
ref 0 order 6 energy   4.23870874920940497400 time 0.170000
ref 0 order 8 energy   4.23870872295677340900 time 0.421000
ref 1 order 1 energy   4.26000948187880995400 time 0.011000
ref 1 order 2 energy   4.23872856719829360800 time 0.010000
ref 1 order 4 energy   4.23870875998906548300 time 0.050000
ref 1 order 6 energy   4.23870872176042654000 time 0.330000
ref 1 order 8 energy   4.23870872052102906000 time 1.712000
ref 2 order 1 energy   4.24400521969740776700 time 0.000000
ref 2 order 2 energy   4.23871053691417825800 time 0.020000
ref 2 order 4 energy   4.23870872237462523500 time 0.190000
ref 2 order 6 energy   4.23870872046449457800 time 1.402000
ref 2 order 8 energy   4.23870872040433385100 time 7.291000
ref 3 order 1 energy   4.24003157077116014200 time 0.010000
ref 3 order 2 energy   4.23870886056452651300 time 0.101000
ref 3 order 4 energy   4.23870872049485244700 time 0.861000
ref 3 order 6 energy   4.23870872040158220400 time 5.839000
ref 3 order 8 energy   4.23870872039863197900 time 29.763000
ref 4 order 1 energy   4.23903937652450220700 time 0.040000
ref 4 order 2 energy   4.23870873039147556400 time 0.431000
ref 4 order 4 energy   4.23870872040306662800 time 3.855000
ref 4 order 6 energy   4.23870872039849616700 time 24.435000
ref 4 order 8 energy   4.23870872039835002700 time 121.986000
ref 5 order 1 energy   4.23879138196156706000 time 0.200000
ref 5 order 2 energy   4.23870872108136434900 time 2.083000
ref 5 order 4 energy   4.23870872039856917600 time 16.644000
ref 5 order 6 energy   4.23870872039834325000 time 102.317000
